Analysis & Synthesis report for alu
Wed Oct 16 21:45:31 2013
Quartus II 32-bit Version 13.0.1 Build 232 06/12/2013 Service Pack 1 SJ Web Edition


---------------------
; Table of Contents ;
---------------------
  1. Legal Notice
  2. Analysis & Synthesis Summary
  3. Analysis & Synthesis Settings
  4. Parallel Compilation
  5. Analysis & Synthesis Source Files Read
  6. Analysis & Synthesis Resource Usage Summary
  7. Analysis & Synthesis Resource Utilization by Entity
  8. General Register Statistics
  9. Multiplexer Restructuring Statistics (Restructuring Performed)
 10. Parameter Settings for User Entity Instance: EightToOneMux:inst12|BUSMUX:inst6
 11. Parameter Settings for User Entity Instance: EightToOneMux:inst12|BUSMUX:inst4
 12. Parameter Settings for User Entity Instance: EightToOneMux:inst12|BUSMUX:inst
 13. Parameter Settings for User Entity Instance: EightToOneMux:inst12|BUSMUX:inst1
 14. Parameter Settings for User Entity Instance: EightToOneMux:inst12|BUSMUX:inst5
 15. Parameter Settings for User Entity Instance: EightToOneMux:inst12|BUSMUX:inst2
 16. Parameter Settings for User Entity Instance: EightToOneMux:inst12|BUSMUX:inst3
 17. Elapsed Time Per Partition
 18. Analysis & Synthesis Messages



----------------
; Legal Notice ;
----------------
Copyright (C) 1991-2013 Altera Corporation
Your use of Altera Corporation's design tools, logic functions 
and other software and tools, and its AMPP partner logic 
functions, and any output files from any of the foregoing 
(including device programming or simulation files), and any 
associated documentation or information are expressly subject 
to the terms and conditions of the Altera Program License 
Subscription Agreement, Altera MegaCore Function License 
Agreement, or other applicable license agreement, including, 
without limitation, that your use is for the sole purpose of 
programming logic devices manufactured by Altera and sold by 
Altera or its authorized distributors.  Please refer to the 
applicable agreement for further details.



+-------------------------------------------------------------------------------------+
; Analysis & Synthesis Summary                                                        ;
+-----------------------------------+-------------------------------------------------+
; Analysis & Synthesis Status       ; Successful - Wed Oct 16 21:45:31 2013           ;
; Quartus II 32-bit Version         ; 13.0.1 Build 232 06/12/2013 SP 1 SJ Web Edition ;
; Revision Name                     ; alu                                             ;
; Top-level Entity Name             ; alu                                             ;
; Family                            ; Arria II GX                                     ;
; Logic utilization                 ; N/A                                             ;
;     Combinational ALUTs           ; 34                                              ;
;     Memory ALUTs                  ; 0                                               ;
;     Dedicated logic registers     ; 0                                               ;
; Total registers                   ; 0                                               ;
; Total pins                        ; 28                                              ;
; Total virtual pins                ; 0                                               ;
; Total block memory bits           ; 0                                               ;
; DSP block 18-bit elements         ; 0                                               ;
; Total GXB Receiver Channel PCS    ; 0                                               ;
; Total GXB Receiver Channel PMA    ; 0                                               ;
; Total GXB Transmitter Channel PCS ; 0                                               ;
; Total GXB Transmitter Channel PMA ; 0                                               ;
; Total PLLs                        ; 0                                               ;
; Total DLLs                        ; 0                                               ;
+-----------------------------------+-------------------------------------------------+


+---------------------------------------------------------------------------------------------------------------------------+
; Analysis & Synthesis Settings                                                                                             ;
+---------------------------------------------------------------------------------+--------------------+--------------------+
; Option                                                                          ; Setting            ; Default Value      ;
+---------------------------------------------------------------------------------+--------------------+--------------------+
; Top-level entity name                                                           ; alu                ; alu                ;
; Family name                                                                     ; Arria II GX        ; Cyclone IV GX      ;
; Use smart compilation                                                           ; Off                ; Off                ;
; Enable parallel Assembler and TimeQuest Timing Analyzer during compilation      ; On                 ; On                 ;
; Enable compact report table                                                     ; Off                ; Off                ;
; Restructure Multiplexers                                                        ; Auto               ; Auto               ;
; MLAB Add Timing Constraints For Mixed-Port Feed-Through Mode Setting Don't Care ; Off                ; Off                ;
; Create Debugging Nodes for IP Cores                                             ; Off                ; Off                ;
; Preserve fewer node names                                                       ; On                 ; On                 ;
; Disable OpenCore Plus hardware evaluation                                       ; Off                ; Off                ;
; Verilog Version                                                                 ; Verilog_2001       ; Verilog_2001       ;
; VHDL Version                                                                    ; VHDL_1993          ; VHDL_1993          ;
; State Machine Processing                                                        ; Auto               ; Auto               ;
; Safe State Machine                                                              ; Off                ; Off                ;
; Extract Verilog State Machines                                                  ; On                 ; On                 ;
; Extract VHDL State Machines                                                     ; On                 ; On                 ;
; Ignore Verilog initial constructs                                               ; Off                ; Off                ;
; Iteration limit for constant Verilog loops                                      ; 5000               ; 5000               ;
; Iteration limit for non-constant Verilog loops                                  ; 250                ; 250                ;
; Add Pass-Through Logic to Inferred RAMs                                         ; On                 ; On                 ;
; Infer RAMs from Raw Logic                                                       ; On                 ; On                 ;
; Parallel Synthesis                                                              ; On                 ; On                 ;
; DSP Block Balancing                                                             ; Auto               ; Auto               ;
; NOT Gate Push-Back                                                              ; On                 ; On                 ;
; Power-Up Don't Care                                                             ; On                 ; On                 ;
; Remove Redundant Logic Cells                                                    ; Off                ; Off                ;
; Remove Duplicate Registers                                                      ; On                 ; On                 ;
; Ignore CARRY Buffers                                                            ; Off                ; Off                ;
; Ignore CASCADE Buffers                                                          ; Off                ; Off                ;
; Ignore GLOBAL Buffers                                                           ; Off                ; Off                ;
; Ignore ROW GLOBAL Buffers                                                       ; Off                ; Off                ;
; Ignore LCELL Buffers                                                            ; Off                ; Off                ;
; Ignore SOFT Buffers                                                             ; On                 ; On                 ;
; Limit AHDL Integers to 32 Bits                                                  ; Off                ; Off                ;
; Optimization Technique                                                          ; Balanced           ; Balanced           ;
; Carry Chain Length                                                              ; 70                 ; 70                 ;
; Auto Carry Chains                                                               ; On                 ; On                 ;
; Auto Open-Drain Pins                                                            ; On                 ; On                 ;
; Perform WYSIWYG Primitive Resynthesis                                           ; Off                ; Off                ;
; Auto ROM Replacement                                                            ; On                 ; On                 ;
; Auto RAM Replacement                                                            ; On                 ; On                 ;
; Auto DSP Block Replacement                                                      ; On                 ; On                 ;
; Auto Shift Register Replacement                                                 ; Auto               ; Auto               ;
; Allow Shift Register Merging across Hierarchies                                 ; Auto               ; Auto               ;
; Auto Clock Enable Replacement                                                   ; On                 ; On                 ;
; Strict RAM Replacement                                                          ; Off                ; Off                ;
; Allow Synchronous Control Signals                                               ; On                 ; On                 ;
; Force Use of Synchronous Clear Signals                                          ; Off                ; Off                ;
; Auto RAM Block Balancing                                                        ; On                 ; On                 ;
; Auto RAM to Logic Cell Conversion                                               ; Off                ; Off                ;
; Auto Resource Sharing                                                           ; Off                ; Off                ;
; Allow Any RAM Size For Recognition                                              ; Off                ; Off                ;
; Allow Any ROM Size For Recognition                                              ; Off                ; Off                ;
; Allow Any Shift Register Size For Recognition                                   ; Off                ; Off                ;
; Use LogicLock Constraints during Resource Balancing                             ; On                 ; On                 ;
; Ignore translate_off and synthesis_off directives                               ; Off                ; Off                ;
; Timing-Driven Synthesis                                                         ; On                 ; On                 ;
; Report Parameter Settings                                                       ; On                 ; On                 ;
; Report Source Assignments                                                       ; On                 ; On                 ;
; Report Connectivity Checks                                                      ; On                 ; On                 ;
; Ignore Maximum Fan-Out Assignments                                              ; Off                ; Off                ;
; Synchronization Register Chain Length                                           ; 3                  ; 3                  ;
; PowerPlay Power Optimization                                                    ; Normal compilation ; Normal compilation ;
; HDL message level                                                               ; Level2             ; Level2             ;
; Suppress Register Optimization Related Messages                                 ; Off                ; Off                ;
; Number of Removed Registers Reported in Synthesis Report                        ; 5000               ; 5000               ;
; Number of Swept Nodes Reported in Synthesis Report                              ; 5000               ; 5000               ;
; Number of Inverted Registers Reported in Synthesis Report                       ; 100                ; 100                ;
; Clock MUX Protection                                                            ; On                 ; On                 ;
; Auto Gated Clock Conversion                                                     ; Off                ; Off                ;
; Block Design Naming                                                             ; Auto               ; Auto               ;
; SDC constraint protection                                                       ; Off                ; Off                ;
; Synthesis Effort                                                                ; Auto               ; Auto               ;
; Shift Register Replacement - Allow Asynchronous Clear Signal                    ; On                 ; On                 ;
; Pre-Mapping Resynthesis Optimization                                            ; Off                ; Off                ;
; Analysis & Synthesis Message Level                                              ; Medium             ; Medium             ;
; Disable Register Merging Across Hierarchies                                     ; Auto               ; Auto               ;
; Resource Aware Inference For Block RAM                                          ; On                 ; On                 ;
; Synthesis Seed                                                                  ; 1                  ; 1                  ;
+---------------------------------------------------------------------------------+--------------------+--------------------+


Parallel compilation was disabled, but you have multiple processors available. Enable parallel compilation to reduce compilation time.
+-------------------------------------+
; Parallel Compilation                ;
+----------------------------+--------+
; Processors                 ; Number ;
+----------------------------+--------+
; Number detected on machine ; 4      ;
; Maximum allowed            ; 1      ;
+----------------------------+--------+


+---------------------------------------------------------------------------------------------------------------------------------------------------------------------------------+
; Analysis & Synthesis Source Files Read                                                                                                                                          ;
+----------------------------------+-----------------+------------------------------------+-----------------------------------------------------------------------------+---------+
; File Name with User-Entered Path ; Used in Netlist ; File Type                          ; File Name with Absolute Path                                                ; Library ;
+----------------------------------+-----------------+------------------------------------+-----------------------------------------------------------------------------+---------+
; FourBitcarryLookaheadAdder.bdf   ; yes             ; User Block Diagram/Schematic File  ; /home/joneshf/school/group/ECS154A/alu/FourBitcarryLookaheadAdder.bdf       ;         ;
; EightToOneMux.bdf                ; yes             ; User Block Diagram/Schematic File  ; /home/joneshf/school/group/ECS154A/alu/EightToOneMux.bdf                    ;         ;
; EightBitXor.bdf                  ; yes             ; User Block Diagram/Schematic File  ; /home/joneshf/school/group/ECS154A/alu/EightBitXor.bdf                      ;         ;
; EightBitRot.bdf                  ; yes             ; User Block Diagram/Schematic File  ; /home/joneshf/school/group/ECS154A/alu/EightBitRot.bdf                      ;         ;
; EightBitOr.bdf                   ; yes             ; User Block Diagram/Schematic File  ; /home/joneshf/school/group/ECS154A/alu/EightBitOr.bdf                       ;         ;
; EightBitNot.bdf                  ; yes             ; User Block Diagram/Schematic File  ; /home/joneshf/school/group/ECS154A/alu/EightBitNot.bdf                      ;         ;
; EightBitInv.bdf                  ; yes             ; User Block Diagram/Schematic File  ; /home/joneshf/school/group/ECS154A/alu/EightBitInv.bdf                      ;         ;
; EightBitAnd.bdf                  ; yes             ; User Block Diagram/Schematic File  ; /home/joneshf/school/group/ECS154A/alu/EightBitAnd.bdf                      ;         ;
; EightBitAdd.bdf                  ; yes             ; User Block Diagram/Schematic File  ; /home/joneshf/school/group/ECS154A/alu/EightBitAdd.bdf                      ;         ;
; OneBitFullAdder.bdf              ; yes             ; User Block Diagram/Schematic File  ; /home/joneshf/school/group/ECS154A/alu/OneBitFullAdder.bdf                  ;         ;
; alu.bdf                          ; yes             ; User Block Diagram/Schematic File  ; /home/joneshf/school/group/ECS154A/alu/alu.bdf                              ;         ;
; busmux.tdf                       ; yes             ; Megafunction                       ; /home/joneshf/altera/13.0sp1/quartus/libraries/megafunctions/busmux.tdf     ;         ;
; lpm_mux.inc                      ; yes             ; Megafunction                       ; /home/joneshf/altera/13.0sp1/quartus/libraries/megafunctions/lpm_mux.inc    ;         ;
; lpm_mux.tdf                      ; yes             ; Megafunction                       ; /home/joneshf/altera/13.0sp1/quartus/libraries/megafunctions/lpm_mux.tdf    ;         ;
; aglobal130.inc                   ; yes             ; Megafunction                       ; /home/joneshf/altera/13.0sp1/quartus/libraries/megafunctions/aglobal130.inc ;         ;
; muxlut.inc                       ; yes             ; Megafunction                       ; /home/joneshf/altera/13.0sp1/quartus/libraries/megafunctions/muxlut.inc     ;         ;
; bypassff.inc                     ; yes             ; Megafunction                       ; /home/joneshf/altera/13.0sp1/quartus/libraries/megafunctions/bypassff.inc   ;         ;
; altshift.inc                     ; yes             ; Megafunction                       ; /home/joneshf/altera/13.0sp1/quartus/libraries/megafunctions/altshift.inc   ;         ;
; db/mux_tnc.tdf                   ; yes             ; Auto-Generated Megafunction        ; /home/joneshf/school/group/ECS154A/alu/db/mux_tnc.tdf                       ;         ;
+----------------------------------+-----------------+------------------------------------+-----------------------------------------------------------------------------+---------+


+------------------------------------------------------------+
; Analysis & Synthesis Resource Usage Summary                ;
+-----------------------------------------------+------------+
; Resource                                      ; Usage      ;
+-----------------------------------------------+------------+
; Estimated ALUTs Used                          ; 34         ;
;     -- Combinational ALUTs                    ; 34         ;
;     -- Memory ALUTs                           ; 0          ;
;     -- LUT_REGs                               ; 0          ;
; Dedicated logic registers                     ; 0          ;
;                                               ;            ;
; Estimated ALUTs Unavailable                   ; 16         ;
;     -- Due to unpartnered combinational logic ; 16         ;
;     -- Due to Memory ALUTs                    ; 0          ;
;                                               ;            ;
; Total combinational functions                 ; 34         ;
; Combinational ALUT usage by number of inputs  ;            ;
;     -- 7 input functions                      ; 6          ;
;     -- 6 input functions                      ; 10         ;
;     -- 5 input functions                      ; 9          ;
;     -- 4 input functions                      ; 3          ;
;     -- <=3 input functions                    ; 6          ;
;                                               ;            ;
; Combinational ALUTs by mode                   ;            ;
;     -- normal mode                            ; 28         ;
;     -- extended LUT mode                      ; 6          ;
;     -- arithmetic mode                        ; 0          ;
;     -- shared arithmetic mode                 ; 0          ;
;                                               ;            ;
; Estimated ALUT/register pairs used            ; 50         ;
;                                               ;            ;
; Total registers                               ; 0          ;
;     -- Dedicated logic registers              ; 0          ;
;     -- I/O registers                          ; 0          ;
;     -- LUT_REGs                               ; 0          ;
;                                               ;            ;
;                                               ;            ;
; I/O pins                                      ; 28         ;
; DSP block 18-bit elements                     ; 0          ;
; Maximum fan-out node                          ; S[0]~input ;
; Maximum fan-out                               ; 18         ;
; Total fan-out                                 ; 211        ;
; Average fan-out                               ; 2.34       ;
+-----------------------------------------------+------------+


+-------------------------------------------------------------------------------------------------------------------------------------------------------------------------------------------------------------------------------------------------------------------------------------+
; Analysis & Synthesis Resource Utilization by Entity                                                                                                                                                                                                                                 ;
+---------------------------------------------+-------------------+--------------+-------------------+--------------+---------+-----------+-----------+-----------+------+--------------+------------------------------------------------------------------------------+--------------+
; Compilation Hierarchy Node                  ; LC Combinationals ; LC Registers ; Block Memory Bits ; DSP Elements ; DSP 9x9 ; DSP 12x12 ; DSP 18x18 ; DSP 36x36 ; Pins ; Virtual Pins ; Full Hierarchy Name                                                          ; Library Name ;
+---------------------------------------------+-------------------+--------------+-------------------+--------------+---------+-----------+-----------+-----------+------+--------------+------------------------------------------------------------------------------+--------------+
; |alu                                        ; 34 (0)            ; 0 (0)        ; 0                 ; 0            ; 0       ; 0         ; 0         ; 0         ; 28   ; 0            ; |alu                                                                         ; work         ;
;    |EightBitAdd:inst6|                      ; 7 (0)             ; 0 (0)        ; 0                 ; 0            ; 0       ; 0         ; 0         ; 0         ; 0    ; 0            ; |alu|EightBitAdd:inst6                                                       ; work         ;
;       |FourBitcarryLookaheadAdder:inst1|    ; 2 (2)             ; 0 (0)        ; 0                 ; 0            ; 0       ; 0         ; 0         ; 0         ; 0    ; 0            ; |alu|EightBitAdd:inst6|FourBitcarryLookaheadAdder:inst1                      ; work         ;
;       |FourBitcarryLookaheadAdder:inst|     ; 5 (5)             ; 0 (0)        ; 0                 ; 0            ; 0       ; 0         ; 0         ; 0         ; 0    ; 0            ; |alu|EightBitAdd:inst6|FourBitcarryLookaheadAdder:inst                       ; work         ;
;    |EightBitInv:inst17|                     ; 3 (0)             ; 0 (0)        ; 0                 ; 0            ; 0       ; 0         ; 0         ; 0         ; 0    ; 0            ; |alu|EightBitInv:inst17                                                      ; work         ;
;       |EightBitAdd:inst2|                   ; 3 (0)             ; 0 (0)        ; 0                 ; 0            ; 0       ; 0         ; 0         ; 0         ; 0    ; 0            ; |alu|EightBitInv:inst17|EightBitAdd:inst2                                    ; work         ;
;          |FourBitcarryLookaheadAdder:inst1| ; 1 (1)             ; 0 (0)        ; 0                 ; 0            ; 0       ; 0         ; 0         ; 0         ; 0    ; 0            ; |alu|EightBitInv:inst17|EightBitAdd:inst2|FourBitcarryLookaheadAdder:inst1   ; work         ;
;          |FourBitcarryLookaheadAdder:inst|  ; 2 (2)             ; 0 (0)        ; 0                 ; 0            ; 0       ; 0         ; 0         ; 0         ; 0    ; 0            ; |alu|EightBitInv:inst17|EightBitAdd:inst2|FourBitcarryLookaheadAdder:inst    ; work         ;
;    |EightBitXor:inst|                       ; 2 (2)             ; 0 (0)        ; 0                 ; 0            ; 0       ; 0         ; 0         ; 0         ; 0    ; 0            ; |alu|EightBitXor:inst                                                        ; work         ;
;    |EightToOneMux:inst12|                   ; 22 (0)            ; 0 (0)        ; 0                 ; 0            ; 0       ; 0         ; 0         ; 0         ; 0    ; 0            ; |alu|EightToOneMux:inst12                                                    ; work         ;
;       |busmux:inst3|                        ; 1 (0)             ; 0 (0)        ; 0                 ; 0            ; 0       ; 0         ; 0         ; 0         ; 0    ; 0            ; |alu|EightToOneMux:inst12|busmux:inst3                                       ; work         ;
;          |lpm_mux:$00000|                   ; 1 (0)             ; 0 (0)        ; 0                 ; 0            ; 0       ; 0         ; 0         ; 0         ; 0    ; 0            ; |alu|EightToOneMux:inst12|busmux:inst3|lpm_mux:$00000                        ; work         ;
;             |mux_tnc:auto_generated|        ; 1 (1)             ; 0 (0)        ; 0                 ; 0            ; 0       ; 0         ; 0         ; 0         ; 0    ; 0            ; |alu|EightToOneMux:inst12|busmux:inst3|lpm_mux:$00000|mux_tnc:auto_generated ; work         ;
;       |busmux:inst6|                        ; 21 (0)            ; 0 (0)        ; 0                 ; 0            ; 0       ; 0         ; 0         ; 0         ; 0    ; 0            ; |alu|EightToOneMux:inst12|busmux:inst6                                       ; work         ;
;          |lpm_mux:$00000|                   ; 21 (0)            ; 0 (0)        ; 0                 ; 0            ; 0       ; 0         ; 0         ; 0         ; 0    ; 0            ; |alu|EightToOneMux:inst12|busmux:inst6|lpm_mux:$00000                        ; work         ;
;             |mux_tnc:auto_generated|        ; 21 (21)           ; 0 (0)        ; 0                 ; 0            ; 0       ; 0         ; 0         ; 0         ; 0    ; 0            ; |alu|EightToOneMux:inst12|busmux:inst6|lpm_mux:$00000|mux_tnc:auto_generated ; work         ;
+---------------------------------------------+-------------------+--------------+-------------------+--------------+---------+-----------+-----------+-----------+------+--------------+------------------------------------------------------------------------------+--------------+
Note: For table entries with two numbers listed, the numbers in parentheses indicate the number of resources of the given type used by the specific entity alone. The numbers listed outside of parentheses indicate the total resources of the given type used by the specific entity and all of its sub-entities in the hierarchy.


+------------------------------------------------------+
; General Register Statistics                          ;
+----------------------------------------------+-------+
; Statistic                                    ; Value ;
+----------------------------------------------+-------+
; Total registers                              ; 0     ;
; Number of registers using Synchronous Clear  ; 0     ;
; Number of registers using Synchronous Load   ; 0     ;
; Number of registers using Asynchronous Clear ; 0     ;
; Number of registers using Asynchronous Load  ; 0     ;
; Number of registers using Clock Enable       ; 0     ;
; Number of registers using Preset             ; 0     ;
+----------------------------------------------+-------+


+-----------------------------------------------------------------------------------------------------------------------------------------------------------------------------------------------------------------+
; Multiplexer Restructuring Statistics (Restructuring Performed)                                                                                                                                                  ;
+--------------------+-----------+---------------+----------------------+------------------------+------------+---------------------------------------------------------------------------------------------------+
; Multiplexer Inputs ; Bus Width ; Baseline Area ; Area if Restructured ; Saving if Restructured ; Registered ; Example Multiplexer Output                                                                        ;
+--------------------+-----------+---------------+----------------------+------------------------+------------+---------------------------------------------------------------------------------------------------+
; 5:1                ; 8 bits    ; 24 ALUTs      ; 24 ALUTs             ; 0 ALUTs                ; No         ; |alu|EightToOneMux:inst12|busmux:inst6|lpm_mux:$00000|mux_tnc:auto_generated|l1_w7_n0_mux_dataout ;
+--------------------+-----------+---------------+----------------------+------------------------+------------+---------------------------------------------------------------------------------------------------+


+--------------------------------------------------------------------------------+
; Parameter Settings for User Entity Instance: EightToOneMux:inst12|BUSMUX:inst6 ;
+----------------+-------+-------------------------------------------------------+
; Parameter Name ; Value ; Type                                                  ;
+----------------+-------+-------------------------------------------------------+
; WIDTH          ; 8     ; Untyped                                               ;
+----------------+-------+-------------------------------------------------------+
Note: In order to hide this table in the UI and the text report file, please set the "Show Parameter Settings in Synthesis Report" option in "Analysis and Synthesis Settings -> More Settings" to "Off".


+--------------------------------------------------------------------------------+
; Parameter Settings for User Entity Instance: EightToOneMux:inst12|BUSMUX:inst4 ;
+----------------+-------+-------------------------------------------------------+
; Parameter Name ; Value ; Type                                                  ;
+----------------+-------+-------------------------------------------------------+
; WIDTH          ; 8     ; Untyped                                               ;
+----------------+-------+-------------------------------------------------------+
Note: In order to hide this table in the UI and the text report file, please set the "Show Parameter Settings in Synthesis Report" option in "Analysis and Synthesis Settings -> More Settings" to "Off".


+-------------------------------------------------------------------------------+
; Parameter Settings for User Entity Instance: EightToOneMux:inst12|BUSMUX:inst ;
+----------------+-------+------------------------------------------------------+
; Parameter Name ; Value ; Type                                                 ;
+----------------+-------+------------------------------------------------------+
; WIDTH          ; 8     ; Untyped                                              ;
+----------------+-------+------------------------------------------------------+
Note: In order to hide this table in the UI and the text report file, please set the "Show Parameter Settings in Synthesis Report" option in "Analysis and Synthesis Settings -> More Settings" to "Off".


+--------------------------------------------------------------------------------+
; Parameter Settings for User Entity Instance: EightToOneMux:inst12|BUSMUX:inst1 ;
+----------------+-------+-------------------------------------------------------+
; Parameter Name ; Value ; Type                                                  ;
+----------------+-------+-------------------------------------------------------+
; WIDTH          ; 8     ; Untyped                                               ;
+----------------+-------+-------------------------------------------------------+
Note: In order to hide this table in the UI and the text report file, please set the "Show Parameter Settings in Synthesis Report" option in "Analysis and Synthesis Settings -> More Settings" to "Off".


+--------------------------------------------------------------------------------+
; Parameter Settings for User Entity Instance: EightToOneMux:inst12|BUSMUX:inst5 ;
+----------------+-------+-------------------------------------------------------+
; Parameter Name ; Value ; Type                                                  ;
+----------------+-------+-------------------------------------------------------+
; WIDTH          ; 8     ; Untyped                                               ;
+----------------+-------+-------------------------------------------------------+
Note: In order to hide this table in the UI and the text report file, please set the "Show Parameter Settings in Synthesis Report" option in "Analysis and Synthesis Settings -> More Settings" to "Off".


+--------------------------------------------------------------------------------+
; Parameter Settings for User Entity Instance: EightToOneMux:inst12|BUSMUX:inst2 ;
+----------------+-------+-------------------------------------------------------+
; Parameter Name ; Value ; Type                                                  ;
+----------------+-------+-------------------------------------------------------+
; WIDTH          ; 8     ; Untyped                                               ;
+----------------+-------+-------------------------------------------------------+
Note: In order to hide this table in the UI and the text report file, please set the "Show Parameter Settings in Synthesis Report" option in "Analysis and Synthesis Settings -> More Settings" to "Off".


+--------------------------------------------------------------------------------+
; Parameter Settings for User Entity Instance: EightToOneMux:inst12|BUSMUX:inst3 ;
+----------------+-------+-------------------------------------------------------+
; Parameter Name ; Value ; Type                                                  ;
+----------------+-------+-------------------------------------------------------+
; WIDTH          ; 8     ; Untyped                                               ;
+----------------+-------+-------------------------------------------------------+
Note: In order to hide this table in the UI and the text report file, please set the "Show Parameter Settings in Synthesis Report" option in "Analysis and Synthesis Settings -> More Settings" to "Off".


+-------------------------------+
; Elapsed Time Per Partition    ;
+----------------+--------------+
; Partition Name ; Elapsed Time ;
+----------------+--------------+
; Top            ; 00:00:00     ;
+----------------+--------------+


+-------------------------------+
; Analysis & Synthesis Messages ;
+-------------------------------+
Info: *******************************************************************
Info: Running Quartus II 32-bit Analysis & Synthesis
    Info: Version 13.0.1 Build 232 06/12/2013 Service Pack 1 SJ Web Edition
    Info: Processing started: Wed Oct 16 21:45:28 2013
Info: Command: quartus_map --read_settings_files=on --write_settings_files=off alu -c alu
Warning (20028): Parallel compilation is not licensed and has been disabled
Info (12021): Found 1 design units, including 1 entities, in source file FourBitcarryLookaheadAdder.bdf
    Info (12023): Found entity 1: FourBitcarryLookaheadAdder
Info (12021): Found 1 design units, including 1 entities, in source file EightToOneMux.bdf
    Info (12023): Found entity 1: EightToOneMux
Info (12021): Found 1 design units, including 1 entities, in source file EightBitXor.bdf
    Info (12023): Found entity 1: EightBitXor
Info (12021): Found 1 design units, including 1 entities, in source file EightBitRot.bdf
    Info (12023): Found entity 1: EightBitRot
Info (12021): Found 1 design units, including 1 entities, in source file EightBitOr.bdf
    Info (12023): Found entity 1: EightBitOr
Info (12021): Found 1 design units, including 1 entities, in source file EightBitNot.bdf
    Info (12023): Found entity 1: EightBitNot
Info (12021): Found 1 design units, including 1 entities, in source file EightBitInv.bdf
    Info (12023): Found entity 1: EightBitInv
Info (12021): Found 1 design units, including 1 entities, in source file EightBitAnd.bdf
    Info (12023): Found entity 1: EightBitAnd
Info (12021): Found 1 design units, including 1 entities, in source file EightBitAdd.bdf
    Info (12023): Found entity 1: EightBitAdd
Info (12021): Found 1 design units, including 1 entities, in source file OneBitFullAdder.bdf
    Info (12023): Found entity 1: OneBitFullAdder
Info (12021): Found 1 design units, including 1 entities, in source file alu.bdf
    Info (12023): Found entity 1: alu
Info (12127): Elaborating entity "alu" for the top level hierarchy
Info (12128): Elaborating entity "EightToOneMux" for hierarchy "EightToOneMux:inst12"
Info (12128): Elaborating entity "BUSMUX" for hierarchy "EightToOneMux:inst12|BUSMUX:inst6"
Info (12130): Elaborated megafunction instantiation "EightToOneMux:inst12|BUSMUX:inst6"
Info (12133): Instantiated megafunction "EightToOneMux:inst12|BUSMUX:inst6" with the following parameter:
    Info (12134): Parameter "WIDTH" = "8"
Info (12128): Elaborating entity "lpm_mux" for hierarchy "EightToOneMux:inst12|BUSMUX:inst6|lpm_mux:$00000"
Info (12131): Elaborated megafunction instantiation "EightToOneMux:inst12|BUSMUX:inst6|lpm_mux:$00000", which is child of megafunction instantiation "EightToOneMux:inst12|BUSMUX:inst6"
Info (12021): Found 1 design units, including 1 entities, in source file db/mux_tnc.tdf
    Info (12023): Found entity 1: mux_tnc
Info (12128): Elaborating entity "mux_tnc" for hierarchy "EightToOneMux:inst12|BUSMUX:inst6|lpm_mux:$00000|mux_tnc:auto_generated"
Info (12128): Elaborating entity "EightBitAdd" for hierarchy "EightBitAdd:inst6"
Info (12128): Elaborating entity "FourBitcarryLookaheadAdder" for hierarchy "EightBitAdd:inst6|FourBitcarryLookaheadAdder:inst1"
Info (12128): Elaborating entity "OneBitFullAdder" for hierarchy "EightBitAdd:inst6|FourBitcarryLookaheadAdder:inst1|OneBitFullAdder:inst"
Info (12128): Elaborating entity "EightBitXor" for hierarchy "EightBitXor:inst"
Info (12128): Elaborating entity "EightBitAnd" for hierarchy "EightBitAnd:inst13"
Info (12128): Elaborating entity "EightBitOr" for hierarchy "EightBitOr:inst11"
Info (12128): Elaborating entity "EightBitNot" for hierarchy "EightBitNot:inst14"
Info (12128): Elaborating entity "EightBitInv" for hierarchy "EightBitInv:inst17"
Info (12128): Elaborating entity "EightBitRot" for hierarchy "EightBitRot:inst1"
Info (286030): Timing-Driven Synthesis is running
Info (16010): Generating hard_block partition "hard_block:auto_generated_inst"
    Info (16011): Adding 0 node(s), including 0 DDIO, 0 PLL, 0 transceiver and 0 LCELL
Info (21057): Implemented 62 device resources after synthesis - the final resource count might be different
    Info (21058): Implemented 20 input pins
    Info (21059): Implemented 8 output pins
    Info (21061): Implemented 34 logic cells
Info: Quartus II 32-bit Analysis & Synthesis was successful. 0 errors, 1 warning
    Info: Peak virtual memory: 377 megabytes
    Info: Processing ended: Wed Oct 16 21:45:31 2013
    Info: Elapsed time: 00:00:03
    Info: Total CPU time (on all processors): 00:00:03


