Flow report for OneBitFullAdder
Wed Oct 16 20:06:42 2013
Quartus II 64-Bit Version 13.0.1 Build 232 06/12/2013 Service Pack 1 SJ Web Edition


---------------------
; Table of Contents ;
---------------------
  1. Legal Notice
  2. Flow Summary
  3. Flow Settings
  4. Flow Non-Default Global Settings
  5. Flow Elapsed Time
  6. Flow OS Summary
  7. Flow Log
  8. Flow Messages
  9. Flow Suppressed Messages



----------------
; Legal Notice ;
----------------
Copyright (C) 1991-2013 Altera Corporation
Your use of Altera Corporation's design tools, logic functions 
and other software and tools, and its AMPP partner logic 
functions, and any output files from any of the foregoing 
(including device programming or simulation files), and any 
associated documentation or information are expressly subject 
to the terms and conditions of the Altera Program License 
Subscription Agreement, Altera MegaCore Function License 
Agreement, or other applicable license agreement, including, 
without limitation, that your use is for the sole purpose of 
programming logic devices manufactured by Altera and sold by 
Altera or its authorized distributors.  Please refer to the 
applicable agreement for further details.



+-------------------------------------------------------------------------------------+
; Flow Summary                                                                        ;
+-----------------------------------+-------------------------------------------------+
; Flow Status                       ; Successful - Wed Oct 16 20:06:42 2013           ;
; Quartus II 64-Bit Version         ; 13.0.1 Build 232 06/12/2013 SP 1 SJ Web Edition ;
; Revision Name                     ; OneBitFullAdder                                 ;
; Top-level Entity Name             ; OneBitFullAdder                                 ;
; Family                            ; Arria II GX                                     ;
; Logic utilization                 ; N/A                                             ;
;     Combinational ALUTs           ; 2                                               ;
;     Memory ALUTs                  ; 0                                               ;
;     Dedicated logic registers     ; 0                                               ;
; Total registers                   ; 0                                               ;
; Total pins                        ; 5                                               ;
; Total virtual pins                ; 0                                               ;
; Total block memory bits           ; 0                                               ;
; DSP block 18-bit elements         ; 0                                               ;
; Total GXB Receiver Channel PCS    ; 0                                               ;
; Total GXB Receiver Channel PMA    ; 0                                               ;
; Total GXB Transmitter Channel PCS ; 0                                               ;
; Total GXB Transmitter Channel PMA ; 0                                               ;
; Total PLLs                        ; 0                                               ;
; Total DLLs                        ; 0                                               ;
+-----------------------------------+-------------------------------------------------+


+-----------------------------------------+
; Flow Settings                           ;
+-------------------+---------------------+
; Option            ; Setting             ;
+-------------------+---------------------+
; Start date & time ; 10/16/2013 18:45:24 ;
; Main task         ; Compilation         ;
; Revision Name     ; OneBitFullAdder     ;
+-------------------+---------------------+


+----------------------------------------------------------------------------------------------------------------------+
; Flow Non-Default Global Settings                                                                                     ;
+-------------------------------------+---------------------------------+---------------+-------------+----------------+
; Assignment Name                     ; Value                           ; Default Value ; Entity Name ; Section Id     ;
+-------------------------------------+---------------------------------+---------------+-------------+----------------+
; COMPILER_SIGNATURE_ID               ; 52229847979.138197432401924     ; --            ; --          ; --             ;
; EDA_OUTPUT_DATA_FORMAT              ; Systemverilog Hdl               ; --            ; --          ; eda_simulation ;
; EDA_SIMULATION_TOOL                 ; ModelSim-Altera (SystemVerilog) ; <None>        ; --          ; --             ;
; PARTITION_COLOR                     ; 16764057                        ; --            ; --          ; Top            ;
; PARTITION_FITTER_PRESERVATION_LEVEL ; PLACEMENT_AND_ROUTING           ; --            ; --          ; Top            ;
; PARTITION_NETLIST_TYPE              ; SOURCE                          ; --            ; --          ; Top            ;
; PROJECT_OUTPUT_DIRECTORY            ; output_files                    ; --            ; --          ; --             ;
+-------------------------------------+---------------------------------+---------------+-------------+----------------+


+--------------------------------------------------------------------------------------------------------------------------+
; Flow Elapsed Time                                                                                                        ;
+----------------------+--------------+-------------------------+---------------------+------------------------------------+
; Module Name          ; Elapsed Time ; Average Processors Used ; Peak Virtual Memory ; Total CPU Time (on all processors) ;
+----------------------+--------------+-------------------------+---------------------+------------------------------------+
; Analysis & Synthesis ; 00:00:02     ; 1.0                     ; 473 MB              ; 00:00:01                           ;
; EDA Netlist Writer   ; 00:00:01     ; 1.0                     ; 441 MB              ; 00:00:01                           ;
; EDA Netlist Writer   ; 00:00:01     ; 1.0                     ; 441 MB              ; 00:00:01                           ;
; EDA Netlist Writer   ; 00:00:01     ; 1.0                     ; 441 MB              ; 00:00:01                           ;
; EDA Netlist Writer   ; 00:00:01     ; 1.0                     ; 446 MB              ; 00:00:01                           ;
; EDA Netlist Writer   ; 00:00:01     ; 1.0                     ; 441 MB              ; 00:00:01                           ;
; EDA Netlist Writer   ; 00:00:02     ; 1.0                     ; 446 MB              ; 00:00:01                           ;
; EDA Netlist Writer   ; 00:00:00     ; 1.0                     ; 441 MB              ; 00:00:01                           ;
; EDA Netlist Writer   ; 00:00:00     ; 1.0                     ; 446 MB              ; 00:00:01                           ;
; EDA Netlist Writer   ; 00:00:01     ; 1.0                     ; 441 MB              ; 00:00:01                           ;
; EDA Netlist Writer   ; 00:00:02     ; 1.0                     ; 446 MB              ; 00:00:01                           ;
; EDA Netlist Writer   ; 00:00:01     ; 1.0                     ; 430 MB              ; 00:00:01                           ;
; EDA Netlist Writer   ; 00:00:01     ; 1.0                     ; 446 MB              ; 00:00:01                           ;
; EDA Netlist Writer   ; 00:00:00     ; 1.0                     ; 430 MB              ; 00:00:01                           ;
; EDA Netlist Writer   ; 00:00:00     ; 1.0                     ; 446 MB              ; 00:00:01                           ;
; Total                ; 00:00:14     ; --                      ; --                  ; 00:00:15                           ;
+----------------------+--------------+-------------------------+---------------------+------------------------------------+


+-----------------------------------------------------------------------------------+
; Flow OS Summary                                                                   ;
+----------------------+------------------+-----------+------------+----------------+
; Module Name          ; Machine Hostname ; OS Name   ; OS Version ; Processor type ;
+----------------------+------------------+-----------+------------+----------------+
; Analysis & Synthesis ; WIN-KLV5S2M6C7E  ; Windows 7 ; 6.1        ; x86_64         ;
; EDA Netlist Writer   ; WIN-KLV5S2M6C7E  ; Windows 7 ; 6.1        ; x86_64         ;
; EDA Netlist Writer   ; WIN-KLV5S2M6C7E  ; Windows 7 ; 6.1        ; x86_64         ;
; EDA Netlist Writer   ; WIN-KLV5S2M6C7E  ; Windows 7 ; 6.1        ; x86_64         ;
; EDA Netlist Writer   ; WIN-KLV5S2M6C7E  ; Windows 7 ; 6.1        ; x86_64         ;
; EDA Netlist Writer   ; WIN-KLV5S2M6C7E  ; Windows 7 ; 6.1        ; x86_64         ;
; EDA Netlist Writer   ; WIN-KLV5S2M6C7E  ; Windows 7 ; 6.1        ; x86_64         ;
; EDA Netlist Writer   ; WIN-KLV5S2M6C7E  ; Windows 7 ; 6.1        ; x86_64         ;
; EDA Netlist Writer   ; WIN-KLV5S2M6C7E  ; Windows 7 ; 6.1        ; x86_64         ;
; EDA Netlist Writer   ; WIN-KLV5S2M6C7E  ; Windows 7 ; 6.1        ; x86_64         ;
; EDA Netlist Writer   ; WIN-KLV5S2M6C7E  ; Windows 7 ; 6.1        ; x86_64         ;
; EDA Netlist Writer   ; WIN-KLV5S2M6C7E  ; Windows 7 ; 6.1        ; x86_64         ;
; EDA Netlist Writer   ; WIN-KLV5S2M6C7E  ; Windows 7 ; 6.1        ; x86_64         ;
; EDA Netlist Writer   ; WIN-KLV5S2M6C7E  ; Windows 7 ; 6.1        ; x86_64         ;
; EDA Netlist Writer   ; WIN-KLV5S2M6C7E  ; Windows 7 ; 6.1        ; x86_64         ;
+----------------------+------------------+-----------+------------+----------------+


------------
; Flow Log ;
------------
quartus_map --read_settings_files=on --write_settings_files=off OneBitFullAdder -c OneBitFullAdder
quartus_eda --gen_testbench --check_outputs=on --tool=modelsim_oem --format=verilog OneBitFullAdder -c OneBitFullAdder --vector_source="C:/Users/Brandon Tyler/Documents/GitHub/ECS154A/OneBitFullAdder/WaveformFA.vwf" --testbench_file=./simulation/qsim/OneBitFullAdder.vt
quartus_eda --functional=on --simulation=on --tool=modelsim_oem --format=verilog OneBitFullAdder -c OneBitFullAdder
quartus_eda --gen_testbench --check_outputs=on --tool=modelsim_oem --format=verilog OneBitFullAdder -c OneBitFullAdder --vector_source="C:/Users/Brandon Tyler/Documents/GitHub/ECS154A/OneBitFullAdder/WaveformFA.vwf" --testbench_file=./simulation/qsim/OneBitFullAdder.vt
quartus_eda --functional=on --simulation=on --tool=modelsim_oem --format=verilog OneBitFullAdder -c OneBitFullAdder
quartus_eda --gen_testbench --check_outputs=on --tool=modelsim_oem --format=verilog OneBitFullAdder -c OneBitFullAdder --vector_source="C:/Users/Brandon Tyler/Documents/GitHub/ECS154A/OneBitFullAdder/WaveformFA.vwf" --testbench_file=./simulation/qsim/OneBitFullAdder.vt
quartus_eda --functional=on --simulation=on --tool=modelsim_oem --format=verilog OneBitFullAdder -c OneBitFullAdder
quartus_eda --gen_testbench --check_outputs=on --tool=modelsim_oem --format=verilog OneBitFullAdder -c OneBitFullAdder --vector_source="C:/Users/Brandon Tyler/Documents/GitHub/ECS154A/OneBitFullAdder/WaveformFA.vwf" --testbench_file=./simulation/qsim/OneBitFullAdder.vt
quartus_eda --functional=on --simulation=on --tool=modelsim_oem --format=verilog OneBitFullAdder -c OneBitFullAdder
quartus_eda --gen_testbench --check_outputs=on --tool=modelsim_oem --format=verilog OneBitFullAdder -c OneBitFullAdder --vector_source="C:/Users/Brandon Tyler/Documents/GitHub/ECS154A/OneBitFullAdder/WaveformFA1.vwf" --testbench_file=./simulation/qsim/OneBitFullAdder.vt
quartus_eda --functional=on --simulation=on --tool=modelsim_oem --format=verilog OneBitFullAdder -c OneBitFullAdder
quartus_eda --gen_testbench --check_outputs=on --tool=modelsim_oem --format=verilog OneBitFullAdder -c OneBitFullAdder --vector_source="C:/Users/Brandon Tyler/Documents/GitHub/ECS154A/OneBitFullAdder/Waveform2.vwf" --testbench_file=./simulation/qsim/OneBitFullAdder.vt
quartus_eda --functional=on --simulation=on --tool=modelsim_oem --format=verilog OneBitFullAdder -c OneBitFullAdder
quartus_eda --gen_testbench --check_outputs=on --tool=modelsim_oem --format=verilog OneBitFullAdder -c OneBitFullAdder --vector_source="C:/Users/Brandon Tyler/Documents/GitHub/ECS154A/OneBitFullAdder/Waveform3.vwf" --testbench_file=./simulation/qsim/OneBitFullAdder.vt
quartus_eda --functional=on --simulation=on --tool=modelsim_oem --format=verilog OneBitFullAdder -c OneBitFullAdder



